0 info it worked if it ends with ok
1 verbose cli [ 'C:\\Program Files\\nodejs\\\\node.exe',
1 verbose cli   'C:\\Program Files\\nodejs\\node_modules\\npm\\bin\\npm-cli.js',
1 verbose cli   'i',
1 verbose cli   '-',
1 verbose cli   'g',
1 verbose cli   'mongoose' ]
2 info using npm@1.4.28
3 info using node@v0.10.32
4 verbose node symlink C:\Program Files\nodejs\\node.exe
5 verbose readDependencies using package.json deps
6 verbose cache add [ '-', null ]
7 verbose cache add name=undefined spec="-" args=["-",null]
8 verbose parsed url { protocol: null,
8 verbose parsed url   slashes: null,
8 verbose parsed url   auth: null,
8 verbose parsed url   host: null,
8 verbose parsed url   port: null,
8 verbose parsed url   hostname: null,
8 verbose parsed url   hash: null,
8 verbose parsed url   search: null,
8 verbose parsed url   query: null,
8 verbose parsed url   pathname: '-',
8 verbose parsed url   path: '-',
8 verbose parsed url   href: '-' }
9 verbose cache add [ 'g', null ]
10 verbose cache add name=undefined spec="g" args=["g",null]
11 verbose parsed url { protocol: null,
11 verbose parsed url   slashes: null,
11 verbose parsed url   auth: null,
11 verbose parsed url   host: null,
11 verbose parsed url   port: null,
11 verbose parsed url   hostname: null,
11 verbose parsed url   hash: null,
11 verbose parsed url   search: null,
11 verbose parsed url   query: null,
11 verbose parsed url   pathname: 'g',
11 verbose parsed url   path: 'g',
11 verbose parsed url   href: 'g' }
12 verbose cache add [ 'mongoose@*', null ]
13 verbose cache add name=undefined spec="mongoose@*" args=["mongoose@*",null]
14 verbose parsed url { protocol: null,
14 verbose parsed url   slashes: null,
14 verbose parsed url   auth: null,
14 verbose parsed url   host: null,
14 verbose parsed url   port: null,
14 verbose parsed url   hostname: null,
14 verbose parsed url   hash: null,
14 verbose parsed url   search: null,
14 verbose parsed url   query: null,
14 verbose parsed url   pathname: 'mongoose@*',
14 verbose parsed url   path: 'mongoose@*',
14 verbose parsed url   href: 'mongoose@*' }
15 verbose cache add name="mongoose" spec="*" args=["mongoose","*"]
16 verbose parsed url { protocol: null,
16 verbose parsed url   slashes: null,
16 verbose parsed url   auth: null,
16 verbose parsed url   host: null,
16 verbose parsed url   port: null,
16 verbose parsed url   hostname: null,
16 verbose parsed url   hash: null,
16 verbose parsed url   search: null,
16 verbose parsed url   query: null,
16 verbose parsed url   pathname: '*',
16 verbose parsed url   path: '*',
16 verbose parsed url   href: '*' }
17 verbose addNamed [ 'mongoose', '*' ]
18 verbose addNamed [ null, '*' ]
19 silly lockFile 3bc15c8a- -
20 verbose lock - C:\Users\pov\AppData\Roaming\npm-cache\3bc15c8a-.lock
21 silly lockFile 54fd1711-g g
22 verbose lock g C:\Users\pov\AppData\Roaming\npm-cache\54fd1711-g.lock
23 silly lockFile e0858070-mongoose mongoose@*
24 verbose lock mongoose@* C:\Users\pov\AppData\Roaming\npm-cache\e0858070-mongoose.lock
25 silly lockFile 3bc15c8a- -
26 silly lockFile 3bc15c8a- -
27 silly addNameRange { name: 'mongoose', range: '*', hasData: false }
28 verbose addNamed [ '-', '' ]
29 verbose addNamed [ null, '*' ]
30 silly lockFile c75fe0d4- -@
31 verbose lock -@ C:\Users\pov\AppData\Roaming\npm-cache\c75fe0d4-.lock
32 silly lockFile 54fd1711-g g
33 silly lockFile 54fd1711-g g
34 verbose request where is /mongoose
35 verbose request registry https://registry.npmjs.org/
36 verbose request id 75e4cee83aef32c6
37 verbose url raw /mongoose
38 verbose url resolving [ 'https://registry.npmjs.org/', './mongoose' ]
39 verbose url resolved https://registry.npmjs.org/mongoose
40 verbose request where is https://registry.npmjs.org/mongoose
41 info trying registry request attempt 1 at 15:13:23
42 verbose etag "4AIUERSUELEOB2N580NXMGVOW"
43 http GET https://registry.npmjs.org/mongoose
44 verbose addNamed [ 'g', '' ]
45 verbose addNamed [ null, '*' ]
46 silly lockFile 8b047e1f-g g@
47 verbose lock g@ C:\Users\pov\AppData\Roaming\npm-cache\8b047e1f-g.lock
48 silly addNameRange { name: '-', range: '*', hasData: false }
49 silly addNameRange { name: 'g', range: '*', hasData: false }
50 verbose request where is /-
51 verbose request registry https://registry.npmjs.org/
52 verbose url raw /-
53 verbose url resolving [ 'https://registry.npmjs.org/', './-' ]
54 verbose url resolved https://registry.npmjs.org/-
55 verbose request where is https://registry.npmjs.org/-
56 info trying registry request attempt 1 at 15:13:23
57 http GET https://registry.npmjs.org/-
58 verbose request where is /g
59 verbose request registry https://registry.npmjs.org/
60 verbose url raw /g
61 verbose url resolving [ 'https://registry.npmjs.org/', './g' ]
62 verbose url resolved https://registry.npmjs.org/g
63 verbose request where is https://registry.npmjs.org/g
64 info trying registry request attempt 1 at 15:13:23
65 verbose etag "BPDBDMVZO9AUC0TBHJUEJ91BM"
66 http GET https://registry.npmjs.org/g
67 http 304 https://registry.npmjs.org/mongoose
68 silly registry.get cb [ 304,
68 silly registry.get   { date: 'Tue, 28 Oct 2014 13:16:52 GMT',
68 silly registry.get     server: 'Apache',
68 silly registry.get     via: '1.1 varnish',
68 silly registry.get     'last-modified': 'Tue, 28 Oct 2014 13:16:52 GMT',
68 silly registry.get     'cache-control': 'max-age=60',
68 silly registry.get     etag: '"4AIUERSUELEOB2N580NXMGVOW"',
68 silly registry.get     age: '418',
68 silly registry.get     'x-served-by': 'cache-fra1242-FRA',
68 silly registry.get     'x-cache': 'HIT',
68 silly registry.get     'x-cache-hits': '1',
68 silly registry.get     'x-timer': 'S1414502212.949124,VS0,VE1',
68 silly registry.get     vary: 'Accept',
68 silly registry.get     'content-length': '0',
68 silly registry.get     'keep-alive': 'timeout=10, max=50',
68 silly registry.get     connection: 'Keep-Alive' } ]
69 verbose etag https://registry.npmjs.org/mongoose from cache
70 silly addNameRange number 2 { name: 'mongoose', range: '*', hasData: true }
71 silly addNameRange versions [ 'mongoose',
71 silly addNameRange   [ '0.0.1',
71 silly addNameRange     '0.0.2',
71 silly addNameRange     '0.0.3',
71 silly addNameRange     '0.0.4',
71 silly addNameRange     '0.0.5',
71 silly addNameRange     '1.0.0',
71 silly addNameRange     '1.0.1',
71 silly addNameRange     '1.0.2',
71 silly addNameRange     '0.0.6',
71 silly addNameRange     '1.0.3',
71 silly addNameRange     '1.0.4',
71 silly addNameRange     '1.0.5',
71 silly addNameRange     '1.0.6',
71 silly addNameRange     '1.0.7',
71 silly addNameRange     '1.0.8',
71 silly addNameRange     '1.0.10',
71 silly addNameRange     '1.0.11',
71 silly addNameRange     '1.0.12',
71 silly addNameRange     '1.0.13',
71 silly addNameRange     '1.0.14',
71 silly addNameRange     '1.0.15',
71 silly addNameRange     '1.0.16',
71 silly addNameRange     '1.1.0',
71 silly addNameRange     '1.1.1',
71 silly addNameRange     '1.1.2',
71 silly addNameRange     '1.1.3',
71 silly addNameRange     '1.1.4',
71 silly addNameRange     '1.1.5',
71 silly addNameRange     '1.1.6',
71 silly addNameRange     '1.1.7',
71 silly addNameRange     '1.1.8',
71 silly addNameRange     '1.1.9',
71 silly addNameRange     '1.1.10',
71 silly addNameRange     '1.1.11',
71 silly addNameRange     '1.1.12',
71 silly addNameRange     '1.1.13',
71 silly addNameRange     '1.1.14',
71 silly addNameRange     '1.1.15',
71 silly addNameRange     '1.1.16',
71 silly addNameRange     '1.1.17',
71 silly addNameRange     '1.1.18',
71 silly addNameRange     '1.1.19',
71 silly addNameRange     '1.1.20',
71 silly addNameRange     '1.1.21',
71 silly addNameRange     '1.1.22',
71 silly addNameRange     '1.1.23',
71 silly addNameRange     '1.1.24',
71 silly addNameRange     '1.1.25',
71 silly addNameRange     '1.2.0',
71 silly addNameRange     '1.3.0',
71 silly addNameRange     '1.3.1',
71 silly addNameRange     '1.3.2',
71 silly addNameRange     '1.3.3',
71 silly addNameRange     '1.3.4',
71 silly addNameRange     '1.3.5',
71 silly addNameRange     '1.3.6',
71 silly addNameRange     '1.3.7',
71 silly addNameRange     '1.4.0',
71 silly addNameRange     '1.5.0',
71 silly addNameRange     '1.6.0',
71 silly addNameRange     '1.7.2',
71 silly addNameRange     '1.7.3',
71 silly addNameRange     '1.7.4',
71 silly addNameRange     '1.8.0',
71 silly addNameRange     '1.8.1',
71 silly addNameRange     '1.8.2',
71 silly addNameRange     '1.8.3',
71 silly addNameRange     '1.8.4',
71 silly addNameRange     '2.0.0',
71 silly addNameRange     '2.0.1',
71 silly addNameRange     '2.0.2',
71 silly addNameRange     '2.0.3',
71 silly addNameRange     '2.0.4',
71 silly addNameRange     '2.1.0',
71 silly addNameRange     '2.1.1',
71 silly addNameRange     '2.1.2',
71 silly addNameRange     '2.1.3',
71 silly addNameRange     '2.1.4',
71 silly addNameRange     '2.2.0',
71 silly addNameRange     '2.2.1',
71 silly addNameRange     '2.2.2',
71 silly addNameRange     '2.2.3',
71 silly addNameRange     '2.2.4',
71 silly addNameRange     '2.3.0',
71 silly addNameRange     '2.3.1',
71 silly addNameRange     '2.3.2',
71 silly addNameRange     '2.3.3',
71 silly addNameRange     '2.3.4',
71 silly addNameRange     '2.3.5',
71 silly addNameRange     '2.3.6',
71 silly addNameRange     '2.3.7',
71 silly addNameRange     '2.3.8',
71 silly addNameRange     '2.3.9',
71 silly addNameRange     '2.3.10',
71 silly addNameRange     '2.3.11',
71 silly addNameRange     '2.3.12',
71 silly addNameRange     '2.3.13',
71 silly addNameRange     '2.4.0',
71 silly addNameRange     '2.4.1',
71 silly addNameRange     '2.4.2',
71 silly addNameRange     '2.4.3',
71 silly addNameRange     '2.4.4',
71 silly addNameRange     '2.4.5',
71 silly addNameRange     '2.4.6',
71 silly addNameRange     '2.4.7',
71 silly addNameRange     '2.4.8',
71 silly addNameRange     '2.4.9',
71 silly addNameRange     '2.4.10',
71 silly addNameRange     '2.5.0',
71 silly addNameRange     '2.5.1',
71 silly addNameRange     '2.5.2',
71 silly addNameRange     '2.5.3',
71 silly addNameRange     '2.5.4',
71 silly addNameRange     '2.5.5',
71 silly addNameRange     '2.5.6',
71 silly addNameRange     '2.5.7',
71 silly addNameRange     '2.5.8',
71 silly addNameRange     '2.5.9',
71 silly addNameRange     '2.5.10',
71 silly addNameRange     '2.5.11',
71 silly addNameRange     '2.5.12',
71 silly addNameRange     '2.5.13',
71 silly addNameRange     '2.5.14',
71 silly addNameRange     '2.6.0',
71 silly addNameRange     '2.6.1',
71 silly addNameRange     '2.6.2',
71 silly addNameRange     '2.6.3',
71 silly addNameRange     '2.6.4',
71 silly addNameRange     '2.6.5',
71 silly addNameRange     '2.6.6',
71 silly addNameRange     '2.6.7',
71 silly addNameRange     '2.6.8',
71 silly addNameRange     '2.7.0',
71 silly addNameRange     '2.7.1',
71 silly addNameRange     '2.7.2',
71 silly addNameRange     '2.7.4',
71 silly addNameRange     '2.7.3',
71 silly addNameRange     '3.0.0',
71 silly addNameRange     '3.0.1',
71 silly addNameRange     '3.0.2',
71 silly addNameRange     '2.8.0',
71 silly addNameRange     '3.0.3',
71 silly addNameRange     '3.1.0',
71 silly addNameRange     '2.8.1',
71 silly addNameRange     '3.1.1',
71 silly addNameRange     '2.8.2',
71 silly addNameRange     '2.8.3',
71 silly addNameRange     '2.9.0',
71 silly addNameRange     '3.2.0',
71 silly addNameRange     '2.9.1',
71 silly addNameRange     '3.2.1',
71 silly addNameRange     '2.9.2',
71 silly addNameRange     '3.2.2',
71 silly addNameRange     '3.3.0',
71 silly addNameRange     '3.3.1',
71 silly addNameRange     '2.9.3',
71 silly addNameRange     '3.4.0',
71 silly addNameRange     '2.9.4',
71 silly addNameRange     '2.9.5',
71 silly addNameRange     '3.5.0',
71 silly addNameRange     '3.5.1',
71 silly addNameRange     '3.5.2',
71 silly addNameRange     '3.5.3',
71 silly addNameRange     '2.9.6',
71 silly addNameRange     '2.9.7',
71 silly addNameRange     '3.5.4',
71 silly addNameRange     '3.5.5',
71 silly addNameRange     '2.9.8',
71 silly addNameRange     '2.9.9',
71 silly addNameRange     '3.5.6',
71 silly addNameRange     '3.5.7',
71 silly addNameRange     '3.5.8',
71 silly addNameRange     '2.9.10',
71 silly addNameRange     '3.5.9',
71 silly addNameRange     '3.6.2',
71 silly addNameRange     '3.5.10',
71 silly addNameRange     '3.6.3',
71 silly addNameRange     '3.5.11',
71 silly addNameRange     '3.6.4',
71 silly addNameRange     '3.6.5',
71 silly addNameRange     '3.6.6',
71 silly addNameRange     '3.6.7',
71 silly addNameRange     '3.5.12',
71 silly addNameRange     '3.6.8',
71 silly addNameRange     '3.6.9',
71 silly addNameRange     '3.6.10',
71 silly addNameRange     '3.5.13',
71 silly addNameRange     '3.5.14',
71 silly addNameRange     '3.6.11',
71 silly addNameRange     '3.6.12',
71 silly addNameRange     '3.6.13',
71 silly addNameRange     '3.6.14',
71 silly addNameRange     '3.6.15',
71 silly addNameRange     '3.5.15',
71 silly addNameRange     '3.7.0',
71 silly addNameRange     '3.6.16',
71 silly addNameRange     '3.5.16',
71 silly addNameRange     '3.6.17',
71 silly addNameRange     '3.7.2',
71 silly addNameRange     '3.0.0-alpha1',
71 silly addNameRange     '3.0.0-alpha2',
71 silly addNameRange     '3.0.0-rc0',
71 silly addNameRange     '3.6.0-rc0',
71 silly addNameRange     '3.6.0-rc1',
71 silly addNameRange     '3.6.18',
71 silly addNameRange     '3.7.3',
71 silly addNameRange     '3.6.19',
71 silly addNameRange     '3.6.20',
71 silly addNameRange     '3.7.4',
71 silly addNameRange     '3.8.0',
71 silly addNameRange     '3.8.1',
71 silly addNameRange     '3.8.2',
71 silly addNameRange     '3.8.3',
71 silly addNameRange     '3.8.4',
71 silly addNameRange     '3.8.5',
71 silly addNameRange     '3.8.6',
71 silly addNameRange     '3.8.7',
71 silly addNameRange     '3.8.8',
71 silly addNameRange     '3.8.9',
71 silly addNameRange     '3.8.10',
71 silly addNameRange     '3.8.11',
71 silly addNameRange     '3.9.0',
71 silly addNameRange     '3.8.12',
71 silly addNameRange     '3.8.13',
71 silly addNameRange     '3.8.14',
71 silly addNameRange     '3.8.15',
71 silly addNameRange     '3.9.1',
71 silly addNameRange     '3.8.16',
71 silly addNameRange     '3.9.2',
71 silly addNameRange     '3.8.17',
71 silly addNameRange     '3.9.3',
71 silly addNameRange     '3.8.18',
71 silly addNameRange     '3.9.4' ] ]
72 verbose addNamed [ 'mongoose', '3.8.18' ]
73 verbose addNamed [ '3.8.18', '3.8.18' ]
74 silly lockFile bce763e9-mongoose-3-8-18 mongoose@3.8.18
75 verbose lock mongoose@3.8.18 C:\Users\pov\AppData\Roaming\npm-cache\bce763e9-mongoose-3-8-18.lock
76 silly lockFile bce763e9-mongoose-3-8-18 mongoose@3.8.18
77 silly lockFile bce763e9-mongoose-3-8-18 mongoose@3.8.18
78 silly lockFile e0858070-mongoose mongoose@*
79 silly lockFile e0858070-mongoose mongoose@*
80 http 404 https://registry.npmjs.org/-
81 verbose headers { date: 'Tue, 28 Oct 2014 13:16:53 GMT',
81 verbose headers   server: 'CouchDB/1.5.0 (Erlang OTP/R16B03)',
81 verbose headers   'content-type': 'application/json',
81 verbose headers   'cache-control': 'max-age=0',
81 verbose headers   'content-length': '52',
81 verbose headers   'accept-ranges': 'bytes',
81 verbose headers   via: '1.1 varnish',
81 verbose headers   age: '0',
81 verbose headers   'x-served-by': 'cache-fra1226-FRA',
81 verbose headers   'x-cache': 'MISS',
81 verbose headers   'x-cache-hits': '0',
81 verbose headers   'x-timer': 'S1414502212.913563,VS0,VE104',
81 verbose headers   'keep-alive': 'timeout=10, max=50',
81 verbose headers   connection: 'Keep-Alive' }
82 silly registry.get cb [ 404,
82 silly registry.get   { date: 'Tue, 28 Oct 2014 13:16:53 GMT',
82 silly registry.get     server: 'CouchDB/1.5.0 (Erlang OTP/R16B03)',
82 silly registry.get     'content-type': 'application/json',
82 silly registry.get     'cache-control': 'max-age=0',
82 silly registry.get     'content-length': '52',
82 silly registry.get     'accept-ranges': 'bytes',
82 silly registry.get     via: '1.1 varnish',
82 silly registry.get     age: '0',
82 silly registry.get     'x-served-by': 'cache-fra1226-FRA',
82 silly registry.get     'x-cache': 'MISS',
82 silly registry.get     'x-cache-hits': '0',
82 silly registry.get     'x-timer': 'S1414502212.913563,VS0,VE104',
82 silly registry.get     'keep-alive': 'timeout=10, max=50',
82 silly registry.get     connection: 'Keep-Alive' } ]
83 silly lockFile c75fe0d4- -@
84 silly lockFile c75fe0d4- -@
85 http 304 https://registry.npmjs.org/g
86 silly registry.get cb [ 304,
86 silly registry.get   { date: 'Tue, 28 Oct 2014 13:16:52 GMT',
86 silly registry.get     server: 'Apache',
86 silly registry.get     via: '1.1 varnish',
86 silly registry.get     'last-modified': 'Tue, 28 Oct 2014 13:16:53 GMT',
86 silly registry.get     'cache-control': 'max-age=60',
86 silly registry.get     etag: '"BPDBDMVZO9AUC0TBHJUEJ91BM"',
86 silly registry.get     age: '0',
86 silly registry.get     'x-served-by': 'cache-fra1247-FRA',
86 silly registry.get     'x-cache': 'MISS',
86 silly registry.get     'x-cache-hits': '0',
86 silly registry.get     'x-timer': 'S1414502212.915733,VS0,VE176',
86 silly registry.get     vary: 'Accept',
86 silly registry.get     'content-length': '0',
86 silly registry.get     'keep-alive': 'timeout=10, max=50',
86 silly registry.get     connection: 'Keep-Alive' } ]
87 verbose etag https://registry.npmjs.org/g from cache
88 silly addNameRange number 2 { name: 'g', range: '*', hasData: true }
89 silly addNameRange versions [ 'g', [ '1.0.0', '1.0.1', '1.0.2' ] ]
90 verbose addNamed [ 'g', '1.0.2' ]
91 verbose addNamed [ '1.0.2', '1.0.2' ]
92 silly lockFile edaebc26-g-1-0-2 g@1.0.2
93 verbose lock g@1.0.2 C:\Users\pov\AppData\Roaming\npm-cache\edaebc26-g-1-0-2.lock
94 silly lockFile edaebc26-g-1-0-2 g@1.0.2
95 silly lockFile edaebc26-g-1-0-2 g@1.0.2
96 silly lockFile 8b047e1f-g g@
97 silly lockFile 8b047e1f-g g@
98 error Error: not_found document not found: -
98 error     at RegClient.<anonymous> (C:\Program Files\nodejs\node_modules\npm\node_modules\npm-registry-client\lib\request.js:308:14)
98 error     at Request._callback (C:\Program Files\nodejs\node_modules\npm\node_modules\npm-registry-client\lib\request.js:246:65)
98 error     at Request.self.callback (C:\Program Files\nodejs\node_modules\npm\node_modules\request\request.js:236:22)
98 error     at Request.emit (events.js:98:17)
98 error     at Request.<anonymous> (C:\Program Files\nodejs\node_modules\npm\node_modules\request\request.js:1142:14)
98 error     at Request.emit (events.js:117:20)
98 error     at IncomingMessage.<anonymous> (C:\Program Files\nodejs\node_modules\npm\node_modules\request\request.js:1096:12)
98 error     at IncomingMessage.emit (events.js:117:20)
98 error     at _stream_readable.js:943:16
98 error     at process._tickCallback (node.js:419:13)
99 error If you need help, you may report this *entire* log,
99 error including the npm and node versions, at:
99 error     <http://github.com/npm/npm/issues>
100 error System Windows_NT 6.1.7601
101 error command "C:\\Program Files\\nodejs\\\\node.exe" "C:\\Program Files\\nodejs\\node_modules\\npm\\bin\\npm-cli.js" "i" "-" "g" "mongoose"
102 error cwd D:\Docs\Visual Studio 2013\Projects\TeeHeeServer
103 error node -v v0.10.32
104 error npm -v 1.4.28
105 verbose exit [ 1, true ]
